Performing C SOURCE FILE Test CMAKE_HAVE_LIBC_PTHREAD failed with the following output:
Change Dir: /lhome/micmink/Tools/home_iot/cpp_stuff/build/CMakeFiles/CMakeTmp

Run Build Command(s):/usr/bin/make cmTC_006e5/fast && make[1]: Entering directory '/lhome/micmink/Tools/home_iot/cpp_stuff/build/CMakeFiles/CMakeTmp'
/usr/bin/make  -f CMakeFiles/cmTC_006e5.dir/build.make CMakeFiles/cmTC_006e5.dir/build
make[2]: Entering directory '/lhome/micmink/Tools/home_iot/cpp_stuff/build/CMakeFiles/CMakeTmp'
Building C object CMakeFiles/cmTC_006e5.dir/src.c.o
/usr/bin/c99-gcc   -DCMAKE_HAVE_LIBC_PTHREAD -o CMakeFiles/cmTC_006e5.dir/src.c.o -c /lhome/micmink/Tools/home_iot/cpp_stuff/build/CMakeFiles/CMakeTmp/src.c
Linking C executable cmTC_006e5
/usr/local/bin/cmake -E cmake_link_script CMakeFiles/cmTC_006e5.dir/link.txt --verbose=1
/usr/bin/c99-gcc  -DCMAKE_HAVE_LIBC_PTHREAD -rdynamic CMakeFiles/cmTC_006e5.dir/src.c.o -o cmTC_006e5 
CMakeFiles/cmTC_006e5.dir/src.c.o: In function `main':
src.c:(.text+0x3e): undefined reference to `pthread_create'
src.c:(.text+0x4a): undefined reference to `pthread_detach'
src.c:(.text+0x56): undefined reference to `pthread_cancel'
src.c:(.text+0x67): undefined reference to `pthread_join'
src.c:(.text+0x7b): undefined reference to `pthread_atfork'
collect2: error: ld returned 1 exit status
CMakeFiles/cmTC_006e5.dir/build.make:105: recipe for target 'cmTC_006e5' failed
make[2]: *** [cmTC_006e5] Error 1
make[2]: Leaving directory '/lhome/micmink/Tools/home_iot/cpp_stuff/build/CMakeFiles/CMakeTmp'
Makefile:140: recipe for target 'cmTC_006e5/fast' failed
make[1]: *** [cmTC_006e5/fast] Error 2
make[1]: Leaving directory '/lhome/micmink/Tools/home_iot/cpp_stuff/build/CMakeFiles/CMakeTmp'


Source file was:
#include <pthread.h>

void* test_func(void* data)
{
  return data;
}

int main(void)
{
  pthread_t thread;
  pthread_create(&thread, NULL, test_func, NULL);
  pthread_detach(thread);
  pthread_cancel(thread);
  pthread_join(thread, NULL);
  pthread_atfork(NULL, NULL, NULL);
  pthread_exit(NULL);

  return 0;
}

Determining if the function pthread_create exists in the pthreads failed with the following output:
Change Dir: /lhome/micmink/Tools/home_iot/cpp_stuff/build/CMakeFiles/CMakeTmp

Run Build Command(s):/usr/bin/make cmTC_44e4c/fast && make[1]: Entering directory '/lhome/micmink/Tools/home_iot/cpp_stuff/build/CMakeFiles/CMakeTmp'
/usr/bin/make  -f CMakeFiles/cmTC_44e4c.dir/build.make CMakeFiles/cmTC_44e4c.dir/build
make[2]: Entering directory '/lhome/micmink/Tools/home_iot/cpp_stuff/build/CMakeFiles/CMakeTmp'
Building C object CMakeFiles/cmTC_44e4c.dir/CheckFunctionExists.c.o
/usr/bin/c99-gcc   -DCHECK_FUNCTION_EXISTS=pthread_create -o CMakeFiles/cmTC_44e4c.dir/CheckFunctionExists.c.o -c /usr/local/share/cmake-3.18/Modules/CheckFunctionExists.c
Linking C executable cmTC_44e4c
/usr/local/bin/cmake -E cmake_link_script CMakeFiles/cmTC_44e4c.dir/link.txt --verbose=1
/usr/bin/c99-gcc  -DCHECK_FUNCTION_EXISTS=pthread_create -rdynamic CMakeFiles/cmTC_44e4c.dir/CheckFunctionExists.c.o -o cmTC_44e4c  -lpthreads 
/usr/bin/ld: cannot find -lpthreads
collect2: error: ld returned 1 exit status
CMakeFiles/cmTC_44e4c.dir/build.make:105: recipe for target 'cmTC_44e4c' failed
make[2]: *** [cmTC_44e4c] Error 1
make[2]: Leaving directory '/lhome/micmink/Tools/home_iot/cpp_stuff/build/CMakeFiles/CMakeTmp'
Makefile:140: recipe for target 'cmTC_44e4c/fast' failed
make[1]: *** [cmTC_44e4c/fast] Error 2
make[1]: Leaving directory '/lhome/micmink/Tools/home_iot/cpp_stuff/build/CMakeFiles/CMakeTmp'



